SELECT * FROM public.member WHERE memid = 1
1
[10:20:27.897]error load_settings self.cur.rowcount 0 
[10:20:28.900]error load_settings self.cur.rowcount 0 
[10:20:29.904]error load_settings self.cur.rowcount 0 
[10:20:30.907]error load_settings self.cur.rowcount 0 
[10:20:31.909]error load_settings self.cur.rowcount 0 
[10:20:32.913]error load_settings self.cur.rowcount 0 
[10:20:33.916]error load_settings self.cur.rowcount 0 
[10:20:34.919]error load_settings self.cur.rowcount 0 
[10:20:35.923]error load_settings self.cur.rowcount 0 
[10:20:36.926]error load_settings self.cur.rowcount 0 
[10:20:37.930]error load_settings self.cur.rowcount 0 
[10:20:38.933]error load_settings self.cur.rowcount 0 
[10:20:39.937]error load_settings self.cur.rowcount 0 
[10:20:40.941]error load_settings self.cur.rowcount 0 
[10:20:41.943]error load_settings self.cur.rowcount 0 
[10:20:42.948]error load_settings self.cur.rowcount 0 
[10:20:43.952]error load_settings self.cur.rowcount 0 
[10:20:44.955]error load_settings self.cur.rowcount 0 
[10:20:45.958]error load_settings self.cur.rowcount 0 
[10:20:46.960]error load_settings self.cur.rowcount 0 
[10:20:47.963]error load_settings self.cur.rowcount 0 
[10:20:48.967]error load_settings self.cur.rowcount 0 
[10:20:49.970]error load_settings self.cur.rowcount 0 
SELECT * FROM public.member WHERE memid = 1
1
[2024-11-13 10:22:19.225]wsClass,init,DOGE,bit
[2024-11-13 10:22:19.226]wsClass,init,DOGE,up
[2024-11-13 10:22:19.276]wsClass,connected,DOGE,up
[2024-11-13 10:22:19.291]wsPrivateClass,connected,DOGE,up
[2024-11-13 10:22:19.308]wsPrivateClass,connected,DOGE,bit
[2024-11-13 10:22:19.333]wsClass,connected,DOGE,bit
[10:57:46.559]kill로 인한 프로그램 종료 시작 [0/5]
[2024-11-13 10:57:46.569]wsClass,close,DOGE,bit,status_code:None,msg:None
[2024-11-13 10:57:46.572]wsClass,close,DOGE,up,status_code:None,msg:None
[2024-11-13 10:57:46.580]wsPrivateClass,close,DOGE,bitstatus_code:None,msg:None
[2024-11-13 10:57:46.584]wsPrivateClass,close,DOGE,upstatus_code:None,msg:None
[10:57:46.586]kill로 인한 프로그램 종료 시작 [0/5]
kill에 의한 종료
